(async) srivaud@accept:~/PycharmProjects/pytorch-cifar$ CUDA_VISIBLE_DEVICES=1 python -u main.py
==> Preparing data..
Files already downloaded and verified
Files already downloaded and verified
==> Building model..
Using cache found in /home/srivaud/.cache/torch/hub/pytorch_vision_v0.10.0
/home/srivaud/miniconda3/envs/async/lib/python3.11/site-packages/torchvision/models/_utils.py:208: UserWarning: The parameter 'pretrained' is deprecated since 0.13 and may be removed in the future, please use 'weights' instead.
  warnings.warn(
/home/srivaud/miniconda3/envs/async/lib/python3.11/site-packages/torchvision/models/_utils.py:223: UserWarning: Arguments other than a weight enum or `None` for 'weights' are deprecated since 0.13 and may be removed in the future. The current behavior is equivalent to passing `weights=None`.
  warnings.warn(msg)

Epoch: 0
 [============================ 391/391 ===========================>]  Step: 1s194ms | Tot: 45s885ms | Loss: 2.703 | Acc: 15.342% (7671/50000)
 [============================ 100/100 ===========================>]  Step: 34ms | Tot: 3s829ms | Loss: 1.979 | Acc: 26.170% (2617/10000)
Saving..

Epoch: 1
 [============================ 391/391 ===========================>]  Step: 75ms | Tot: 43s169ms | Loss: 1.806 | Acc: 32.240% (16120/50000)
 [============================ 100/100 ===========================>]  Step: 36ms | Tot: 3s647ms | Loss: 1.669 | Acc: 39.530% (3953/10000)
Saving..

Epoch: 2
 [============================ 391/391 ===========================>]  Step: 74ms | Tot: 42s547ms | Loss: 1.593 | Acc: 41.018% (20509/50000)
 [============================ 100/100 ===========================>]  Step: 35ms | Tot: 3s638ms | Loss: 1.459 | Acc: 46.840% (4684/10000)
Saving..

Epoch: 3
 [============================ 391/391 ===========================>]  Step: 83ms | Tot: 44s625ms | Loss: 1.433 | Acc: 47.414% (23707/50000)
 [============================ 100/100 ===========================>]  Step: 35ms | Tot: 4s28ms | Loss: 1.323 | Acc: 50.290% (5029/10000)
Saving..

Epoch: 4
 [============================ 391/391 ===========================>]  Step: 76ms | Tot: 44s37ms | Loss: 1.282 | Acc: 53.266% (26633/50000)
 [============================ 100/100 ===========================>]  Step: 35ms | Tot: 3s638ms | Loss: 1.266 | Acc: 54.770% (5477/10000)
Saving..

Epoch: 5
 [============================ 391/391 ===========================>]  Step: 74ms | Tot: 44s54ms | Loss: 1.092 | Acc: 60.888% (30444/50000)
 [============================ 100/100 ===========================>]  Step: 34ms | Tot: 3s792ms | Loss: 1.095 | Acc: 61.400% (6140/10000)
Saving..

Epoch: 6
 [============================ 391/391 ===========================>]  Step: 78ms | Tot: 43s302ms | Loss: 0.950 | Acc: 66.260% (33130/50000)
 [============================ 100/100 ===========================>]  Step: 32ms | Tot: 3s730ms | Loss: 0.963 | Acc: 66.620% (6662/10000)
Saving..

Epoch: 7
 [============================ 391/391 ===========================>]  Step: 78ms | Tot: 43s436ms | Loss: 0.840 | Acc: 70.094% (35047/50000)
 [============================ 100/100 ===========================>]  Step: 42ms | Tot: 3s733ms | Loss: 0.795 | Acc: 72.110% (7211/10000)
Saving..

Epoch: 8
 [============================ 391/391 ===========================>]  Step: 90ms | Tot: 45s107ms | Loss: 0.746 | Acc: 73.612% (36806/50000)
 [============================ 100/100 ===========================>]  Step: 37ms | Tot: 3s791ms | Loss: 0.734 | Acc: 74.210% (7421/10000)
Saving..

Epoch: 9
 [============================ 391/391 ===========================>]  Step: 74ms | Tot: 44s189ms | Loss: 0.665 | Acc: 76.854% (38427/50000)
 [============================ 100/100 ===========================>]  Step: 37ms | Tot: 3s682ms | Loss: 0.650 | Acc: 77.160% (7716/10000)
Saving..

Epoch: 10
 [============================ 391/391 ===========================>]  Step: 75ms | Tot: 43s313ms | Loss: 0.603 | Acc: 78.974% (39487/50000)
 [============================ 100/100 ===========================>]  Step: 34ms | Tot: 3s603ms | Loss: 0.657 | Acc: 77.520% (7752/10000)
Saving..

Epoch: 11
 [============================ 391/391 ===========================>]  Step: 75ms | Tot: 43s356ms | Loss: 0.560 | Acc: 80.628% (40314/50000)
 [============================ 100/100 ===========================>]  Step: 33ms | Tot: 3s871ms | Loss: 0.723 | Acc: 74.920% (7492/10000)

Epoch: 12
 [============================ 391/391 ===========================>]  Step: 77ms | Tot: 44s82ms | Loss: 0.520 | Acc: 81.960% (40980/50000)
 [============================ 100/100 ===========================>]  Step: 39ms | Tot: 3s733ms | Loss: 0.565 | Acc: 81.150% (8115/10000)
Saving..

Epoch: 13
 [============================ 391/391 ===========================>]  Step: 75ms | Tot: 43s675ms | Loss: 0.497 | Acc: 82.750% (41375/50000)
 [============================ 100/100 ===========================>]  Step: 38ms | Tot: 3s654ms | Loss: 0.573 | Acc: 80.690% (8069/10000)

Epoch: 14
 [============================ 391/391 ===========================>]  Step: 74ms | Tot: 43s652ms | Loss: 0.471 | Acc: 83.674% (41837/50000)
 [============================ 100/100 ===========================>]  Step: 34ms | Tot: 3s650ms | Loss: 0.517 | Acc: 82.550% (8255/10000)
Saving..

Epoch: 15
 [============================ 391/391 ===========================>]  Step: 74ms | Tot: 43s42ms | Loss: 0.453 | Acc: 84.334% (42167/50000)
 [============================ 100/100 ===========================>]  Step: 34ms | Tot: 3s663ms | Loss: 0.577 | Acc: 81.200% (8120/10000)

Epoch: 16
 [============================ 391/391 ===========================>]  Step: 76ms | Tot: 43s320ms | Loss: 0.442 | Acc: 84.810% (42405/50000)
 [============================ 100/100 ===========================>]  Step: 37ms | Tot: 3s767ms | Loss: 0.504 | Acc: 82.770% (8277/10000)
Saving..

Epoch: 17
 [============================ 391/391 ===========================>]  Step: 75ms | Tot: 43s533ms | Loss: 0.422 | Acc: 85.392% (42696/50000)
 [============================ 100/100 ===========================>]  Step: 35ms | Tot: 3s660ms | Loss: 0.571 | Acc: 81.810% (8181/10000)

Epoch: 18
 [============================ 391/391 ===========================>]  Step: 101ms | Tot: 44s151ms | Loss: 0.414 | Acc: 85.664% (42832/50000)
 [============================ 100/100 ===========================>]  Step: 35ms | Tot: 3s726ms | Loss: 0.569 | Acc: 80.750% (8075/10000)

Epoch: 19
 [============================ 391/391 ===========================>]  Step: 76ms | Tot: 44s128ms | Loss: 0.402 | Acc: 86.134% (43067/50000)
 [============================ 100/100 ===========================>]  Step: 41ms | Tot: 3s772ms | Loss: 0.535 | Acc: 81.990% (8199/10000)

Epoch: 20
 [============================ 391/391 ===========================>]  Step: 75ms | Tot: 45s400ms | Loss: 0.394 | Acc: 86.278% (43139/50000)
 [============================ 100/100 ===========================>]  Step: 43ms | Tot: 3s914ms | Loss: 0.508 | Acc: 83.220% (8322/10000)
Saving..

Epoch: 21
 [============================ 391/391 ===========================>]  Step: 75ms | Tot: 45s27ms | Loss: 0.390 | Acc: 86.518% (43259/50000)
 [============================ 100/100 ===========================>]  Step: 37ms | Tot: 3s950ms | Loss: 0.532 | Acc: 82.240% (8224/10000)

Epoch: 22
 [============================ 391/391 ===========================>]  Step: 75ms | Tot: 43s797ms | Loss: 0.376 | Acc: 86.938% (43469/50000)
 [============================ 100/100 ===========================>]  Step: 31ms | Tot: 3s710ms | Loss: 0.481 | Acc: 83.660% (8366/10000)
Saving..

Epoch: 23
 [============================ 391/391 ===========================>]  Step: 76ms | Tot: 43s806ms | Loss: 0.364 | Acc: 87.518% (43759/50000)
 [============================ 100/100 ===========================>]  Step: 37ms | Tot: 3s728ms | Loss: 0.503 | Acc: 83.430% (8343/10000)

Epoch: 24
 [============================ 391/391 ===========================>]  Step: 76ms | Tot: 43s679ms | Loss: 0.369 | Acc: 87.168% (43584/50000)
 [============================ 100/100 ===========================>]  Step: 38ms | Tot: 4s114ms | Loss: 0.459 | Acc: 84.300% (8430/10000)
Saving..

Epoch: 25
 [============================ 391/391 ===========================>]  Step: 76ms | Tot: 44s673ms | Loss: 0.352 | Acc: 87.866% (43933/50000)
 [============================ 100/100 ===========================>]  Step: 35ms | Tot: 3s792ms | Loss: 0.641 | Acc: 80.280% (8028/10000)

Epoch: 26
 [============================ 391/391 ===========================>]  Step: 75ms | Tot: 44s155ms | Loss: 0.353 | Acc: 87.922% (43961/50000)
 [============================ 100/100 ===========================>]  Step: 38ms | Tot: 3s805ms | Loss: 0.609 | Acc: 80.810% (8081/10000)

Epoch: 27
 [============================ 391/391 ===========================>]  Step: 76ms | Tot: 43s462ms | Loss: 0.346 | Acc: 88.056% (44028/50000)
 [============================ 100/100 ===========================>]  Step: 39ms | Tot: 3s869ms | Loss: 0.590 | Acc: 80.950% (8095/10000)

Epoch: 28
 [============================ 391/391 ===========================>]  Step: 75ms | Tot: 44s663ms | Loss: 0.343 | Acc: 88.236% (44118/50000)
 [============================ 100/100 ===========================>]  Step: 43ms | Tot: 3s703ms | Loss: 0.522 | Acc: 83.080% (8308/10000)

Epoch: 29
 [============================ 391/391 ===========================>]  Step: 76ms | Tot: 43s315ms | Loss: 0.339 | Acc: 88.356% (44178/50000)
 [============================ 100/100 ===========================>]  Step: 36ms | Tot: 4s10ms | Loss: 0.437 | Acc: 85.380% (8538/10000)
Saving..

Epoch: 30
 [============================ 391/391 ===========================>]  Step: 75ms | Tot: 43s973ms | Loss: 0.196 | Acc: 93.396% (46698/50000)
 [============================ 100/100 ===========================>]  Step: 44ms | Tot: 3s814ms | Loss: 0.254 | Acc: 91.370% (9137/10000)
Saving..

Epoch: 31
 [============================ 391/391 ===========================>]  Step: 88ms | Tot: 43s888ms | Loss: 0.157 | Acc: 94.560% (47280/50000)
 [============================ 100/100 ===========================>]  Step: 42ms | Tot: 4s116ms | Loss: 0.244 | Acc: 91.630% (9163/10000)
Saving..

Epoch: 32
 [============================ 391/391 ===========================>]  Step: 93ms | Tot: 46s313ms | Loss: 0.138 | Acc: 95.360% (47680/50000)
 [============================ 100/100 ===========================>]  Step: 37ms | Tot: 3s882ms | Loss: 0.254 | Acc: 91.570% (9157/10000)

Epoch: 33
 [============================ 391/391 ===========================>]  Step: 78ms | Tot: 46s578ms | Loss: 0.126 | Acc: 95.700% (47850/50000)
 [============================ 100/100 ===========================>]  Step: 44ms | Tot: 3s702ms | Loss: 0.255 | Acc: 91.820% (9182/10000)
Saving..

Epoch: 34
 [============================ 391/391 ===========================>]  Step: 89ms | Tot: 45s872ms | Loss: 0.115 | Acc: 96.136% (48068/50000)
 [============================ 100/100 ===========================>]  Step: 39ms | Tot: 4s16ms | Loss: 0.265 | Acc: 91.660% (9166/10000)

Epoch: 35
 [============================ 391/391 ===========================>]  Step: 77ms | Tot: 45s8ms | Loss: 0.109 | Acc: 96.294% (48147/50000)
 [============================ 100/100 ===========================>]  Step: 36ms | Tot: 4s185ms | Loss: 0.254 | Acc: 92.000% (9200/10000)
Saving..

Epoch: 36
 [============================ 391/391 ===========================>]  Step: 77ms | Tot: 45s591ms | Loss: 0.103 | Acc: 96.372% (48186/50000)
 [============================ 100/100 ===========================>]  Step: 38ms | Tot: 3s841ms | Loss: 0.261 | Acc: 91.740% (9174/10000)

Epoch: 37
 [============================ 391/391 ===========================>]  Step: 75ms | Tot: 44s650ms | Loss: 0.100 | Acc: 96.518% (48259/50000)
 [============================ 100/100 ===========================>]  Step: 43ms | Tot: 3s885ms | Loss: 0.282 | Acc: 91.570% (9157/10000)

Epoch: 38
 [============================ 391/391 ===========================>]  Step: 75ms | Tot: 44s582ms | Loss: 0.101 | Acc: 96.476% (48238/50000)
 [============================ 100/100 ===========================>]  Step: 37ms | Tot: 3s733ms | Loss: 0.276 | Acc: 91.680% (9168/10000)

Epoch: 39
 [============================ 391/391 ===========================>]  Step: 97ms | Tot: 46s569ms | Loss: 0.096 | Acc: 96.636% (48318/50000)
 [============================ 100/100 ===========================>]  Step: 36ms | Tot: 3s746ms | Loss: 0.276 | Acc: 91.550% (9155/10000)

Epoch: 40
 [============================ 391/391 ===========================>]  Step: 84ms | Tot: 44s486ms | Loss: 0.090 | Acc: 96.906% (48453/50000)
 [============================ 100/100 ===========================>]  Step: 39ms | Tot: 3s872ms | Loss: 0.277 | Acc: 91.620% (9162/10000)

Epoch: 41
 [============================ 391/391 ===========================>]  Step: 76ms | Tot: 43s822ms | Loss: 0.089 | Acc: 96.918% (48459/50000)
 [============================ 100/100 ===========================>]  Step: 35ms | Tot: 3s771ms | Loss: 0.284 | Acc: 91.650% (9165/10000)

Epoch: 42
 [============================ 391/391 ===========================>]  Step: 77ms | Tot: 44s130ms | Loss: 0.089 | Acc: 96.984% (48492/50000)
 [============================ 100/100 ===========================>]  Step: 37ms | Tot: 3s717ms | Loss: 0.265 | Acc: 92.250% (9225/10000)
Saving..

Epoch: 43
 [============================ 391/391 ===========================>]  Step: 74ms | Tot: 43s502ms | Loss: 0.087 | Acc: 97.038% (48519/50000)
 [============================ 100/100 ===========================>]  Step: 45ms | Tot: 4s8ms | Loss: 0.285 | Acc: 91.790% (9179/10000)

Epoch: 44
 [============================ 391/391 ===========================>]  Step: 81ms | Tot: 47s5ms | Loss: 0.089 | Acc: 96.912% (48456/50000)
 [============================ 100/100 ===========================>]  Step: 44ms | Tot: 3s825ms | Loss: 0.299 | Acc: 91.210% (9121/10000)

Epoch: 45
 [============================ 391/391 ===========================>]  Step: 79ms | Tot: 43s384ms | Loss: 0.086 | Acc: 97.070% (48535/50000)
 [============================ 100/100 ===========================>]  Step: 39ms | Tot: 3s897ms | Loss: 0.306 | Acc: 91.140% (9114/10000)

Epoch: 46
 [============================ 391/391 ===========================>]  Step: 82ms | Tot: 44s50ms | Loss: 0.090 | Acc: 96.956% (48478/50000)
 [============================ 100/100 ===========================>]  Step: 32ms | Tot: 3s850ms | Loss: 0.305 | Acc: 91.440% (9144/10000)

Epoch: 47
 [============================ 391/391 ===========================>]  Step: 78ms | Tot: 44s313ms | Loss: 0.088 | Acc: 97.008% (48504/50000)
 [============================ 100/100 ===========================>]  Step: 40ms | Tot: 3s854ms | Loss: 0.296 | Acc: 91.330% (9133/10000)

Epoch: 48
 [============================ 391/391 ===========================>]  Step: 80ms | Tot: 45s911ms | Loss: 0.089 | Acc: 96.892% (48446/50000)
 [============================ 100/100 ===========================>]  Step: 41ms | Tot: 3s952ms | Loss: 0.309 | Acc: 91.010% (9101/10000)

Epoch: 49
 [============================ 391/391 ===========================>]  Step: 77ms | Tot: 46s942ms | Loss: 0.089 | Acc: 96.946% (48473/50000)
 [============================ 100/100 ===========================>]  Step: 43ms | Tot: 4s101ms | Loss: 0.297 | Acc: 91.520% (9152/10000)

Epoch: 50
 [============================ 391/391 ===========================>]  Step: 77ms | Tot: 46s183ms | Loss: 0.081 | Acc: 97.148% (48574/50000)
 [============================ 100/100 ===========================>]  Step: 44ms | Tot: 3s944ms | Loss: 0.322 | Acc: 90.700% (9070/10000)

Epoch: 51
 [============================ 391/391 ===========================>]  Step: 80ms | Tot: 46s290ms | Loss: 0.085 | Acc: 97.060% (48530/50000)
 [============================ 100/100 ===========================>]  Step: 44ms | Tot: 4s214ms | Loss: 0.320 | Acc: 90.840% (9084/10000)

Epoch: 52
 [============================ 391/391 ===========================>]  Step: 76ms | Tot: 1m25s | Loss: 0.083 | Acc: 97.122% (48561/50000)
 [============================ 100/100 ===========================>]  Step: 37ms | Tot: 4s24ms | Loss: 0.311 | Acc: 91.090% (9109/10000)

Epoch: 53
 [============================ 391/391 ===========================>]  Step: 101ms | Tot: 45s288ms | Loss: 0.087 | Acc: 97.046% (48523/50000)
 [============================ 100/100 ===========================>]  Step: 43ms | Tot: 4s348ms | Loss: 0.305 | Acc: 91.630% (9163/10000)

Epoch: 54
 [============================ 391/391 ===========================>]  Step: 83ms | Tot: 47s346ms | Loss: 0.086 | Acc: 96.992% (48496/50000)
 [============================ 100/100 ===========================>]  Step: 43ms | Tot: 4s303ms | Loss: 0.340 | Acc: 90.400% (9040/10000)

Epoch: 55
 [============================ 391/391 ===========================>]  Step: 99ms | Tot: 47s933ms | Loss: 0.089 | Acc: 96.922% (48461/50000)
 [============================ 100/100 ===========================>]  Step: 42ms | Tot: 4s222ms | Loss: 0.301 | Acc: 91.440% (9144/10000)

Epoch: 56
 [============================ 391/391 ===========================>]  Step: 83ms | Tot: 46s110ms | Loss: 0.085 | Acc: 97.134% (48567/50000)
 [============================ 100/100 ===========================>]  Step: 44ms | Tot: 4s400ms | Loss: 0.318 | Acc: 90.860% (9086/10000)

Epoch: 57
 [============================ 391/391 ===========================>]  Step: 87ms | Tot: 45s884ms | Loss: 0.080 | Acc: 97.294% (48647/50000)
 [============================ 100/100 ===========================>]  Step: 43ms | Tot: 4s364ms | Loss: 0.287 | Acc: 91.840% (9184/10000)

Epoch: 58
 [============================ 391/391 ===========================>]  Step: 83ms | Tot: 46s506ms | Loss: 0.086 | Acc: 97.058% (48529/50000)
 [============================ 100/100 ===========================>]  Step: 42ms | Tot: 4s242ms | Loss: 0.326 | Acc: 90.790% (9079/10000)

Epoch: 59
 [============================ 391/391 ===========================>]  Step: 83ms | Tot: 48s507ms | Loss: 0.083 | Acc: 97.134% (48567/50000)
 [============================ 100/100 ===========================>]  Step: 44ms | Tot: 4s460ms | Loss: 0.331 | Acc: 90.590% (9059/10000)

Epoch: 60
 [============================ 391/391 ===========================>]  Step: 84ms | Tot: 47s781ms | Loss: 0.038 | Acc: 98.868% (49434/50000)
 [============================ 100/100 ===========================>]  Step: 44ms | Tot: 4s393ms | Loss: 0.226 | Acc: 93.570% (9357/10000)
Saving..

Epoch: 61
 [============================ 391/391 ===========================>]  Step: 80ms | Tot: 47s289ms | Loss: 0.022 | Acc: 99.426% (49713/50000)
 [============================ 100/100 ===========================>]  Step: 44ms | Tot: 4s306ms | Loss: 0.227 | Acc: 93.790% (9379/10000)
Saving..

Epoch: 62
 [============================ 391/391 ===========================>]  Step: 102ms | Tot: 46s955ms | Loss: 0.017 | Acc: 99.578% (49789/50000)
 [============================ 100/100 ===========================>]  Step: 44ms | Tot: 4s464ms | Loss: 0.228 | Acc: 93.690% (9369/10000)

Epoch: 63
 [============================ 391/391 ===========================>]  Step: 96ms | Tot: 46s607ms | Loss: 0.015 | Acc: 99.620% (49810/50000)
 [============================ 100/100 ===========================>]  Step: 45ms | Tot: 4s269ms | Loss: 0.230 | Acc: 93.590% (9359/10000)

Epoch: 64
 [============================ 391/391 ===========================>]  Step: 80ms | Tot: 46s133ms | Loss: 0.013 | Acc: 99.654% (49827/50000)
 [============================ 100/100 ===========================>]  Step: 44ms | Tot: 4s300ms | Loss: 0.240 | Acc: 93.840% (9384/10000)
Saving..

Epoch: 65
 [============================ 391/391 ===========================>]  Step: 80ms | Tot: 46s927ms | Loss: 0.011 | Acc: 99.730% (49865/50000)
 [============================ 100/100 ===========================>]  Step: 46ms | Tot: 4s315ms | Loss: 0.229 | Acc: 94.040% (9404/10000)
Saving..

Epoch: 66
 [============================ 391/391 ===========================>]  Step: 83ms | Tot: 47s221ms | Loss: 0.010 | Acc: 99.790% (49895/50000)
 [============================ 100/100 ===========================>]  Step: 45ms | Tot: 4s382ms | Loss: 0.234 | Acc: 93.880% (9388/10000)

Epoch: 67
 [============================ 391/391 ===========================>]  Step: 79ms | Tot: 45s447ms | Loss: 0.010 | Acc: 99.768% (49884/50000)
 [============================ 100/100 ===========================>]  Step: 42ms | Tot: 4s275ms | Loss: 0.238 | Acc: 93.970% (9397/10000)

Epoch: 68
 [============================ 391/391 ===========================>]  Step: 82ms | Tot: 45s670ms | Loss: 0.008 | Acc: 99.846% (49923/50000)
 [============================ 100/100 ===========================>]  Step: 42ms | Tot: 4s201ms | Loss: 0.232 | Acc: 94.010% (9401/10000)

Epoch: 69
 [============================ 391/391 ===========================>]  Step: 81ms | Tot: 44s439ms | Loss: 0.008 | Acc: 99.842% (49921/50000)
 [============================ 100/100 ===========================>]  Step: 42ms | Tot: 4s209ms | Loss: 0.233 | Acc: 94.070% (9407/10000)
Saving..

Epoch: 70
 [============================ 391/391 ===========================>]  Step: 80ms | Tot: 45s632ms | Loss: 0.008 | Acc: 99.814% (49907/50000)
 [============================ 100/100 ===========================>]  Step: 37ms | Tot: 4s332ms | Loss: 0.239 | Acc: 94.150% (9415/10000)
Saving..

Epoch: 71
 [============================ 391/391 ===========================>]  Step: 84ms | Tot: 46s105ms | Loss: 0.007 | Acc: 99.824% (49912/50000)
 [============================ 100/100 ===========================>]  Step: 44ms | Tot: 4s314ms | Loss: 0.241 | Acc: 94.150% (9415/10000)

Epoch: 72
 [============================ 391/391 ===========================>]  Step: 80ms | Tot: 46s99ms | Loss: 0.007 | Acc: 99.862% (49931/50000)
 [============================ 100/100 ===========================>]  Step: 44ms | Tot: 4s315ms | Loss: 0.237 | Acc: 93.980% (9398/10000)

Epoch: 73
 [============================ 391/391 ===========================>]  Step: 81ms | Tot: 46s451ms | Loss: 0.006 | Acc: 99.870% (49935/50000)
 [============================ 100/100 ===========================>]  Step: 43ms | Tot: 4s276ms | Loss: 0.243 | Acc: 94.000% (9400/10000)

Epoch: 74
 [============================ 391/391 ===========================>]  Step: 80ms | Tot: 46s149ms | Loss: 0.006 | Acc: 99.888% (49944/50000)
 [============================ 100/100 ===========================>]  Step: 42ms | Tot: 4s364ms | Loss: 0.243 | Acc: 94.200% (9420/10000)
Saving..

Epoch: 75
 [============================ 391/391 ===========================>]  Step: 88ms | Tot: 45s734ms | Loss: 0.006 | Acc: 99.868% (49934/50000)
 [============================ 100/100 ===========================>]  Step: 43ms | Tot: 4s410ms | Loss: 0.240 | Acc: 94.230% (9423/10000)
Saving..

Epoch: 76
 [============================ 391/391 ===========================>]  Step: 88ms | Tot: 46s86ms | Loss: 0.006 | Acc: 99.890% (49945/50000)
 [============================ 100/100 ===========================>]  Step: 45ms | Tot: 4s412ms | Loss: 0.241 | Acc: 94.140% (9414/10000)

Epoch: 77
 [============================ 391/391 ===========================>]  Step: 78ms | Tot: 45s455ms | Loss: 0.006 | Acc: 99.858% (49929/50000)
 [============================ 100/100 ===========================>]  Step: 43ms | Tot: 4s365ms | Loss: 0.244 | Acc: 94.070% (9407/10000)

Epoch: 78
 [============================ 391/391 ===========================>]  Step: 97ms | Tot: 45s805ms | Loss: 0.005 | Acc: 99.894% (49947/50000)
 [============================ 100/100 ===========================>]  Step: 42ms | Tot: 4s315ms | Loss: 0.242 | Acc: 94.100% (9410/10000)

Epoch: 79
 [============================ 391/391 ===========================>]  Step: 81ms | Tot: 46s6ms | Loss: 0.005 | Acc: 99.880% (49940/50000)
 [============================ 100/100 ===========================>]  Step: 42ms | Tot: 4s141ms | Loss: 0.241 | Acc: 94.040% (9404/10000)

Epoch: 80
 [============================ 391/391 ===========================>]  Step: 90ms | Tot: 48s277ms | Loss: 0.005 | Acc: 99.910% (49955/50000)
 [============================ 100/100 ===========================>]  Step: 45ms | Tot: 4s273ms | Loss: 0.245 | Acc: 93.980% (9398/10000)

Epoch: 81
 [============================ 391/391 ===========================>]  Step: 82ms | Tot: 46s661ms | Loss: 0.005 | Acc: 99.914% (49957/50000)
 [============================ 100/100 ===========================>]  Step: 43ms | Tot: 4s257ms | Loss: 0.246 | Acc: 94.170% (9417/10000)

Epoch: 82
 [============================ 391/391 ===========================>]  Step: 80ms | Tot: 45s829ms | Loss: 0.005 | Acc: 99.904% (49952/50000)
 [============================ 100/100 ===========================>]  Step: 43ms | Tot: 4s255ms | Loss: 0.246 | Acc: 94.080% (9408/10000)

Epoch: 83
 [============================ 391/391 ===========================>]  Step: 86ms | Tot: 46s307ms | Loss: 0.004 | Acc: 99.924% (49962/50000)
 [============================ 100/100 ===========================>]  Step: 44ms | Tot: 4s230ms | Loss: 0.246 | Acc: 94.400% (9440/10000)
Saving..

Epoch: 84
 [============================ 391/391 ===========================>]  Step: 80ms | Tot: 45s645ms | Loss: 0.005 | Acc: 99.904% (49952/50000)
 [============================ 100/100 ===========================>]  Step: 43ms | Tot: 4s327ms | Loss: 0.247 | Acc: 94.130% (9413/10000)

Epoch: 85
 [============================ 391/391 ===========================>]  Step: 80ms | Tot: 45s286ms | Loss: 0.005 | Acc: 99.902% (49951/50000)
 [============================ 100/100 ===========================>]  Step: 44ms | Tot: 4s289ms | Loss: 0.249 | Acc: 94.020% (9402/10000)

Epoch: 86
 [============================ 391/391 ===========================>]  Step: 81ms | Tot: 44s829ms | Loss: 0.004 | Acc: 99.932% (49966/50000)
 [============================ 100/100 ===========================>]  Step: 43ms | Tot: 4s282ms | Loss: 0.247 | Acc: 94.070% (9407/10000)

Epoch: 87
 [============================ 391/391 ===========================>]  Step: 81ms | Tot: 44s588ms | Loss: 0.004 | Acc: 99.938% (49969/50000)
 [============================ 100/100 ===========================>]  Step: 43ms | Tot: 4s261ms | Loss: 0.244 | Acc: 94.120% (9412/10000)

Epoch: 88
 [============================ 391/391 ===========================>]  Step: 81ms | Tot: 44s650ms | Loss: 0.004 | Acc: 99.932% (49966/50000)
 [============================ 100/100 ===========================>]  Step: 45ms | Tot: 4s420ms | Loss: 0.250 | Acc: 94.130% (9413/10000)

Epoch: 89
 [============================ 391/391 ===========================>]  Step: 93ms | Tot: 47s189ms | Loss: 0.004 | Acc: 99.932% (49966/50000)
 [============================ 100/100 ===========================>]  Step: 46ms | Tot: 4s431ms | Loss: 0.253 | Acc: 93.820% (9382/10000)

Epoch: 90
 [============================ 391/391 ===========================>]  Step: 81ms | Tot: 45s688ms | Loss: 0.004 | Acc: 99.932% (49966/50000)
 [============================ 100/100 ===========================>]  Step: 45ms | Tot: 4s299ms | Loss: 0.252 | Acc: 94.000% (9400/10000)

Epoch: 91
 [============================ 391/391 ===========================>]  Step: 81ms | Tot: 46s292ms | Loss: 0.003 | Acc: 99.938% (49969/50000)
 [============================ 100/100 ===========================>]  Step: 43ms | Tot: 4s346ms | Loss: 0.247 | Acc: 94.050% (9405/10000)

Epoch: 92
 [============================ 391/391 ===========================>]  Step: 85ms | Tot: 46s765ms | Loss: 0.003 | Acc: 99.964% (49982/50000)
 [============================ 100/100 ===========================>]  Step: 43ms | Tot: 4s364ms | Loss: 0.248 | Acc: 94.080% (9408/10000)

Epoch: 93
 [============================ 391/391 ===========================>]  Step: 80ms | Tot: 46s833ms | Loss: 0.003 | Acc: 99.958% (49979/50000)
 [============================ 100/100 ===========================>]  Step: 47ms | Tot: 4s411ms | Loss: 0.248 | Acc: 94.040% (9404/10000)

Epoch: 94
 [============================ 391/391 ===========================>]  Step: 84ms | Tot: 46s433ms | Loss: 0.003 | Acc: 99.950% (49975/50000)
 [============================ 100/100 ===========================>]  Step: 43ms | Tot: 4s283ms | Loss: 0.246 | Acc: 94.070% (9407/10000)

Epoch: 95
 [============================ 391/391 ===========================>]  Step: 82ms | Tot: 46s356ms | Loss: 0.003 | Acc: 99.970% (49985/50000)
 [============================ 100/100 ===========================>]  Step: 43ms | Tot: 4s227ms | Loss: 0.246 | Acc: 94.170% (9417/10000)

Epoch: 96
 [============================ 391/391 ===========================>]  Step: 87ms | Tot: 45s644ms | Loss: 0.003 | Acc: 99.958% (49979/50000)
 [============================ 100/100 ===========================>]  Step: 41ms | Tot: 4s295ms | Loss: 0.245 | Acc: 94.170% (9417/10000)

Epoch: 97
 [============================ 391/391 ===========================>]  Step: 81ms | Tot: 46s12ms | Loss: 0.003 | Acc: 99.970% (49985/50000)
 [============================ 100/100 ===========================>]  Step: 43ms | Tot: 4s306ms | Loss: 0.245 | Acc: 94.200% (9420/10000)

Epoch: 98
 [============================ 391/391 ===========================>]  Step: 85ms | Tot: 46s403ms | Loss: 0.003 | Acc: 99.976% (49988/50000)
 [============================ 100/100 ===========================>]  Step: 46ms | Tot: 4s315ms | Loss: 0.242 | Acc: 94.230% (9423/10000)

Epoch: 99
 [============================ 391/391 ===========================>]  Step: 81ms | Tot: 46s215ms | Loss: 0.003 | Acc: 99.958% (49979/50000)
 [============================ 100/100 ===========================>]  Step: 44ms | Tot: 4s372ms | Loss: 0.244 | Acc: 94.200% (9420/10000)